<?xml version="1.0" encoding="UTF-8"?>
<!-- Generated by org.testng.reporters.JUnitReportReporter -->
<testsuite hostname="Bothaina-PC" failures="0" tests="1" name="tests.RegistrationTestSuite" time="28.340" errors="0" timestamp="2022-02-12T17:22:29 EET" skipped="0">
  <testcase classname="tests.RegistrationTestSuite" name="registerNewUser" time="28.340"/>
</testsuite> <!-- tests.RegistrationTestSuite -->
