<?xml version="1.0" encoding="UTF-8"?>
<!-- Generated by org.testng.reporters.JUnitReportReporter -->
<testsuite hostname="Bothaina-PC" failures="0" tests="3" name="tests.LoginTestSuite" time="95.129" errors="0" timestamp="2022-02-12T15:27:23 EET" skipped="0">
  <testcase classname="tests.LoginTestSuite" name="TC2_invalidPassword" time="41.644"/>
  <testcase classname="tests.LoginTestSuite" name="TC2_invalidEmail" time="29.790"/>
  <testcase classname="tests.LoginTestSuite" name="TC1_validLogin" time="23.695"/>
</testsuite> <!-- tests.LoginTestSuite -->
